$group
[1] "a_group148"

$members
[1] "Saba Shakoor"                         
[2] "Pooja Dilipbhai Solanki"              
[3] "Sai Kiran Chittibommala"              
[4] "Sailendrakannan Sivakumar Murugeswari"
[5] "Ranjith Maliga Guruprakash"           

$topic
[1] "Tesla Deaths"

$RQ
[1] "Is there a difference in the mean of Tesla deaths among different countries?"

$`independent-var`
[1] "Country"

$`dependent-var`
[1] "Deaths"

$`null-hypothesis`
[1] "There is no difference in the mean of Tesla deaths among different countries."

$`alt-hypothesis`
[1] "There is a difference in the mean of Tesla deaths among different countries."

$`dataset-url`
[1] "https://data.world/tesladeaths/tesla-deaths"

$columns
[1] "> d <- read.csv(\"Tesla Deaths.csv\")\n> colnames(d)\n [1] \"Case\"                                                        \n [2] \"Year\"                                                        \n [3] \"Date\"                                                        \n [4] \"Country\"                                                     \n [5] \"State\"                                                       \n [6] \"Description\"                                                 \n [7] \"Deaths\"                                                      \n [8] \"Tesla.driver\"                                                \n [9] \"Tesla.occupant\"                                              \n[10] \"Other.vehicle\"                                               \n[11] \"Cyclists..Peds\"                                              \n[12] \"TSLA.cycl...peds\"                                            \n[13] \"Model\"                                                       \n[14] \"Autopilot.claimed\"                                           \n[15] \"Verified.Tesla.Autopilot.Death\"                              \n[16] \"Verified.Tesla.Autopilot.Death...Death.Reported.to.NHTSA.SGO\"\n[17] \"column_q\"                                                    \n[18] \"column_r\"                                                    \n[19] \"Source\"                                                      \n[20] \"Note\"                                                        \n[21] \"Deceased.1\"                                                  \n[22] \"Deceased.2\"                                                  \n[23] \"Deceased.3\"                                                  \n[24] \"Deceased.4\""

OK
── Attaching packages ─────────────────────────────────────── tidyverse 1.3.2 ──
✔ ggplot2 3.3.6      ✔ purrr   0.3.4 
✔ tibble  3.1.8      ✔ dplyr   1.0.10
✔ tidyr   1.1.4      ✔ stringr 1.4.0 
✔ readr   2.1.3      ✔ forcats 0.5.1 
── Conflicts ────────────────────────────────────────── tidyverse_conflicts() ──
✖ dplyr::filter() masks stats::filter()
✖ dplyr::lag()    masks stats::lag()
null device 
          1 
$group
[1] "a_group148"

$members
[1] "Saba Shakoor"                         
[2] "Pooja Dilipbhai Solanki"              
[3] "Sai Kiran Chittibommala"              
[4] "Sailendrakannan Sivakumar Murugeswari"
[5] "Ranjith Maliga Guruprakash"           

$topic
[1] "Tesla Deaths"

$RQ
[1] "Is there a difference in the mean of Tesla deaths among different countries?"

$`independent-var`
[1] "Country"

$`dependent-var`
[1] "Deaths"

$`null-hypothesis`
[1] "There is no difference in the mean of Tesla deaths among different countries."

$`alt-hypothesis`
[1] "There is a difference in the mean of Tesla deaths among different countries."

$`dataset-url`
[1] "https://data.world/tesladeaths/tesla-deaths"

$columns
[1] "> d <- read.csv(\"Tesla Deaths.csv\")\n> colnames(d)\n [1] \"Case\"                                                        \n [2] \"Year\"                                                        \n [3] \"Date\"                                                        \n [4] \"Country\"                                                     \n [5] \"State\"                                                       \n [6] \"Description\"                                                 \n [7] \"Deaths\"                                                      \n [8] \"Tesla.driver\"                                                \n [9] \"Tesla.occupant\"                                              \n[10] \"Other.vehicle\"                                               \n[11] \"Cyclists..Peds\"                                              \n[12] \"TSLA.cycl...peds\"                                            \n[13] \"Model\"                                                       \n[14] \"Autopilot.claimed\"                                           \n[15] \"Verified.Tesla.Autopilot.Death\"                              \n[16] \"Verified.Tesla.Autopilot.Death...Death.Reported.to.NHTSA.SGO\"\n[17] \"column_q\"                                                    \n[18] \"column_r\"                                                    \n[19] \"Source\"                                                      \n[20] \"Note\"                                                        \n[21] \"Deceased.1\"                                                  \n[22] \"Deceased.2\"                                                  \n[23] \"Deceased.3\"                                                  \n[24] \"Deceased.4\""

OK
── Attaching packages ─────────────────────────────────────── tidyverse 1.3.2 ──
✔ ggplot2 3.3.6      ✔ purrr   0.3.4 
✔ tibble  3.1.8      ✔ dplyr   1.0.10
✔ tidyr   1.1.4      ✔ stringr 1.4.0 
✔ readr   2.1.3      ✔ forcats 0.5.1 
── Conflicts ────────────────────────────────────────── tidyverse_conflicts() ──
✖ dplyr::filter() masks stats::filter()
✖ dplyr::lag()    masks stats::lag()
null device 
          1 
$group
[1] "a_group148"

$members
[1] "Saba Shakoor"                         
[2] "Pooja Dilipbhai Solanki"              
[3] "Sai Kiran Chittibommala"              
[4] "Sailendrakannan Sivakumar Murugeswari"
[5] "Ranjith Maliga Guruprakash"           

$topic
[1] "Tesla Deaths"

$RQ
[1] "Is there a difference in the mean of Tesla deaths among different countries?"

$`independent-var`
[1] "Country"

$`dependent-var`
[1] "Deaths"

$`null-hypothesis`
[1] "There is no difference in the mean of Tesla deaths among different countries."

$`alt-hypothesis`
[1] "There is a difference in the mean of Tesla deaths among different countries."

$`dataset-url`
[1] "https://data.world/tesladeaths/tesla-deaths"

$columns
[1] "> d <- read.csv(\"Tesla Deaths.csv\")\n> colnames(d)\n [1] \"Case\"                                                        \n [2] \"Year\"                                                        \n [3] \"Date\"                                                        \n [4] \"Country\"                                                     \n [5] \"State\"                                                       \n [6] \"Description\"                                                 \n [7] \"Deaths\"                                                      \n [8] \"Tesla.driver\"                                                \n [9] \"Tesla.occupant\"                                              \n[10] \"Other.vehicle\"                                               \n[11] \"Cyclists..Peds\"                                              \n[12] \"TSLA.cycl...peds\"                                            \n[13] \"Model\"                                                       \n[14] \"Autopilot.claimed\"                                           \n[15] \"Verified.Tesla.Autopilot.Death\"                              \n[16] \"Verified.Tesla.Autopilot.Death...Death.Reported.to.NHTSA.SGO\"\n[17] \"column_q\"                                                    \n[18] \"column_r\"                                                    \n[19] \"Source\"                                                      \n[20] \"Note\"                                                        \n[21] \"Deceased.1\"                                                  \n[22] \"Deceased.2\"                                                  \n[23] \"Deceased.3\"                                                  \n[24] \"Deceased.4\""

OK
── Attaching packages ─────────────────────────────────────── tidyverse 1.3.2 ──
✔ ggplot2 3.3.6      ✔ purrr   0.3.4 
✔ tibble  3.1.8      ✔ dplyr   1.0.10
✔ tidyr   1.1.4      ✔ stringr 1.4.0 
✔ readr   2.1.3      ✔ forcats 0.5.1 
── Conflicts ────────────────────────────────────────── tidyverse_conflicts() ──
✖ dplyr::filter() masks stats::filter()
✖ dplyr::lag()    masks stats::lag()
null device 
          1 
